2021-02-03 17:59:28 | [INFO]    | Discordia 2.8.4
2021-02-03 17:59:28 | [INFO]    | Connecting to Discord...
2021-02-03 17:59:29 | [INFO]    | Authenticated as Megumin#3673
2021-02-03 17:59:29 | [INFO]    | Launching shard 0 (1 out of 1)...
2021-02-03 17:59:30 | [INFO]    | Shard 0 : Connected to wss://gateway.discord.gg
2021-02-03 17:59:30 | [INFO]    | Shard 0 : Received HELLO
2021-02-03 17:59:30 | [INFO]    | Shard 0 : Received READY
2021-02-03 18:00:35 | [INFO]    | Discordia 2.8.4
2021-02-03 18:00:35 | [INFO]    | Connecting to Discord...
2021-02-03 18:00:35 | [INFO]    | Authenticated as Megumin#3673
2021-02-03 18:00:35 | [INFO]    | Launching shard 0 (1 out of 1)...
2021-02-03 18:00:36 | [INFO]    | Shard 0 : Connected to wss://gateway.discord.gg
2021-02-03 18:00:36 | [INFO]    | Shard 0 : Received HELLO
2021-02-03 18:00:36 | [INFO]    | Shard 0 : Received READY
2021-02-03 18:02:04 | [INFO]    | Discordia 2.8.4
2021-02-03 18:02:04 | [INFO]    | Connecting to Discord...
2021-02-03 18:02:05 | [INFO]    | Authenticated as Megumin#3673
2021-02-03 18:02:05 | [INFO]    | Launching shard 0 (1 out of 1)...
2021-02-03 18:02:05 | [INFO]    | Shard 0 : Connected to wss://gateway.discord.gg
2021-02-03 18:02:05 | [INFO]    | Shard 0 : Received HELLO
2021-02-03 18:02:05 | [INFO]    | Shard 0 : Received READY
